2021-07-21 07:03:37 laithLogger [INFO] Server is up!
2021-07-21 07:04:09 laithLogger [INFO] admin  logged in!
2021-07-21 07:04:24 laithLogger [INFO] Server is up!
2021-07-21 07:04:55 laithLogger [INFO] Laith Alaboodi logged in!
2021-07-21 07:05:02 laithLogger [INFO] Server is up!
2021-07-21 07:05:25 laithLogger [INFO] Server is up!
2021-07-21 07:05:28 laithLogger [INFO] Server is up!
2021-07-21 07:05:39 laithLogger [INFO] Laith Alaboodi logged in!
2021-07-21 07:06:05 laithLogger [INFO] Banking Account with Id: 2 just got deposit: 50.0$!
2021-07-21 07:06:54 laithLogger [INFO] Server is up!
2021-07-21 07:24:58 laithLogger [INFO] Server is up!
2021-07-21 07:25:17 laithLogger [INFO] Laith Alaboodi logged in!
2021-07-21 07:26:05 laithLogger [INFO] Server is up!
2021-07-21 07:34:01 laithLogger [INFO] Server is up!
2021-07-21 07:35:47 laithLogger [INFO] laith alaboodi logged in!
2021-07-21 07:35:57 laithLogger [INFO] Banking Account with Id: 6 just got deposit: 50.0$!
2021-07-21 07:36:55 laithLogger [INFO] User with Id: 7just send 10.0$!
2021-07-21 07:37:29 laithLogger [INFO] admin  logged in!
2021-07-21 07:37:58 laithLogger [INFO] Banking Account with Id: 1 just got deposit: 10.0$!
2021-07-21 07:38:29 laithLogger [INFO] Banking Account with Id: 1 just got deposit: 50.0$!
2021-07-21 07:59:31 laithLogger [INFO] Server is up!
2021-07-21 07:59:40 laithLogger [INFO] admin  logged in!
2021-07-21 08:00:31 laithLogger [INFO] Server is up!
2021-07-21 08:00:41 laithLogger [INFO] admin  logged in!
2021-07-21 08:01:32 laithLogger [INFO] Server is up!
2021-07-21 08:01:40 laithLogger [INFO] admin  logged in!
2021-07-21 08:01:59 laithLogger [INFO] Server is up!
2021-07-21 08:02:18 laithLogger [INFO] admin  logged in!
2021-07-21 08:02:28 laithLogger [INFO] Server is up!
2021-07-21 08:27:04 laithLogger [INFO] Server is up!
